#
# There is insufficient memory for the Java Runtime Environment to continue.
# Native memory allocation (mmap) failed to map 130023424 bytes for G1 virtual space
# Possible reasons:
#   The system is out of physical RAM or swap space
#   The process is running with CompressedOops enabled, and the Java Heap may be blocking the growth of the native heap
# Possible solutions:
#   Reduce memory load on the system
#   Increase physical memory or swap space
#   Check if swap backing store is full
#   Decrease Java heap size (-Xmx/-Xms)
#   Decrease number of Java threads
#   Decrease Java thread stack sizes (-Xss)
#   Set larger code cache with -XX:ReservedCodeCacheSize=
#   JVM is running with Unscaled Compressed Oops mode in which the Java heap is
#     placed in the first 4GB address space. The Java Heap base address is the
#     maximum limit for the native heap growth. Please use -XX:HeapBaseMinAddress
#     to set the Java Heap base and to place the Java Heap above 4GB virtual address.
# This output file may be truncated or incomplete.
#
#  Out of Memory Error (os_windows.cpp:3548), pid=9800, tid=4360
#
# JRE version:  (17.0.11+7) (build )
# Java VM: Java HotSpot(TM) 64-Bit Server VM (17.0.11+7-LTS-207, mixed mode, sharing, tiered, compressed oops, compressed class ptrs, g1 gc, windows-amd64)
# No core dump will be written. Minidumps are not enabled by default on client versions of Windows
#

---------------  S U M M A R Y ------------

Command Line: --module-path=C:\Users\Utilisateur\.m2\repository\org\openjfx\javafx-base\22.0.1\javafx-base-22.0.1-win.jar;C:\Users\Utilisateur\.m2\repository\org\openjfx\javafx-base\22.0.1\javafx-base-22.0.1.jar;C:\Users\Utilisateur\.m2\repository\org\openjfx\javafx-controls\22.0.1\javafx-controls-22.0.1-win.jar;C:\Users\Utilisateur\.m2\repository\org\openjfx\javafx-controls\22.0.1\javafx-controls-22.0.1.jar;C:\Users\Utilisateur\.m2\repository\org\openjfx\javafx-fxml\22.0.1\javafx-fxml-22.0.1-win.jar;C:\Users\Utilisateur\.m2\repository\org\openjfx\javafx-fxml\22.0.1\javafx-fxml-22.0.1.jar;C:\Users\Utilisateur\.m2\repository\org\openjfx\javafx-graphics\22.0.1\javafx-graphics-22.0.1-win.jar;C:\Users\Utilisateur\.m2\repository\org\openjfx\javafx-graphics\22.0.1\javafx-graphics-22.0.1.jar --add-modules=javafx.base,javafx.controls,javafx.fxml,javafx.graphics main.Main

Host: Intel(R) Core(TM) i7-4600U CPU @ 2.10GHz, 4 cores, 7G,  Windows 10 , 64 bit Build 19041 (10.0.19041.5198)
Time: Mon Jan  6 14:31:57 2025 W. Europe Standard Time elapsed time: 0.035639 seconds (0d 0h 0m 0s)

---------------  T H R E A D  ---------------

Current thread (0x00000205b4a3fab0):  JavaThread "Unknown thread" [_thread_in_vm, id=4360, stack(0x000000d4bd100000,0x000000d4bd200000)]

Stack: [0x000000d4bd100000,0x000000d4bd200000]
Native frames: (J=compiled Java code, j=interpreted, Vv=VM code, C=native code)
V  [jvm.dll+0x679cca]
V  [jvm.dll+0x7da13d]
V  [jvm.dll+0x7dba83]
V  [jvm.dll+0x7dc0f3]
V  [jvm.dll+0x2449af]
V  [jvm.dll+0x676ce9]
V  [jvm.dll+0x66b852]
V  [jvm.dll+0x3018d6]
V  [jvm.dll+0x308e76]
V  [jvm.dll+0x3596ee]
V  [jvm.dll+0x35991f]
V  [jvm.dll+0x2d89a8]
V  [jvm.dll+0x2d9914]
V  [jvm.dll+0x7ac6b1]
V  [jvm.dll+0x366f61]
V  [jvm.dll+0x78b609]
V  [jvm.dll+0x3ec22f]
V  [jvm.dll+0x3ede61]
C  [jli.dll+0x5297]
C  [ucrtbase.dll+0x21bb2]
C  [KERNEL32.DLL+0x17374]
C  [ntdll.dll+0x4cc91]


---------------  P R O C E S S  ---------------

Threads class SMR info:
_java_thread_list=0x00007ff801247a18, length=0, elements={
}

Java Threads: ( => current thread )

Other Threads:
  0x00000205b4a99ff0 GCTaskThread "GC Thread#0" [stack: 0x000000d4bd200000,0x000000d4bd300000] [id=4072]
  0x00000205b4aaa580 ConcurrentGCThread "G1 Main Marker" [stack: 0x000000d4bd300000,0x000000d4bd400000] [id=5892]
  0x00000205b4aaaf90 ConcurrentGCThread "G1 Conc#0" [stack: 0x000000d4bd400000,0x000000d4bd500000] [id=17776]

[error occurred during error reporting (printing all threads), id 0xc0000005, EXCEPTION_ACCESS_VIOLATION (0xc0000005) at pc=0x00007ff800a79497]

VM state: not at safepoint (not fully initialized)

VM Mutex/Monitor currently owned by a thread:  ([mutex/lock_event])
[0x00000205b4a3c410] Heap_lock - owner thread: 0x00000205b4a3fab0

Heap address: 0x0000000084e00000, size: 1970 MB, Compressed Oops mode: 32-bit

CDS archive(s) mapped at: [0x0000000000000000-0x0000000000000000-0x0000000000000000), size 0, SharedBaseAddress: 0x0000000800000000, ArchiveRelocationMode: 1.
Narrow klass base: 0x0000000000000000, Narrow klass shift: 0, Narrow klass range: 0x0

GC Precious Log:
<Empty>

Heap:
 garbage-first heap   total 0K, used 0K [0x0000000084e00000, 0x0000000100000000)
  region size 1024K, 0 young (0K), 0 survivors (0K)

[error occurred during error reporting (printing heap information), id 0xc0000005, EXCEPTION_ACCESS_VIOLATION (0xc0000005) at pc=0x00007ff800e63559]

GC Heap History (0 events):
No events

Deoptimization events (0 events):
No events

Classes unloaded (0 events):
No events

Classes redefined (0 events):
No events

Internal exceptions (0 events):
No events

VM Operations (0 events):
No events

Events (1 events):
Event: 0.016 Loaded shared library C:\Program Files\Java\jdk-17\bin\java.dll


Dynamic libraries:
0x00007ff748500000 - 0x00007ff748510000 	C:\Program Files\Java\jdk-17\bin\java.exe
0x00007ff8a2690000 - 0x00007ff8a2888000 	C:\WINDOWS\SYSTEM32\ntdll.dll
0x00007ff8655e0000 - 0x00007ff8655fa000 	C:\Program Files\Avast Software\Avast\aswhook.dll
0x00007ff8a21f0000 - 0x00007ff8a22b2000 	C:\WINDOWS\System32\KERNEL32.DLL
0x00007ff89ff10000 - 0x00007ff8a020e000 	C:\WINDOWS\System32\KERNELBASE.dll
0x00007ff8a0410000 - 0x00007ff8a0510000 	C:\WINDOWS\System32\ucrtbase.dll
0x00007ff897870000 - 0x00007ff897889000 	C:\Program Files\Java\jdk-17\bin\jli.dll
0x00007ff8a23a0000 - 0x00007ff8a2451000 	C:\WINDOWS\System32\ADVAPI32.dll
0x00007ff8a2140000 - 0x00007ff8a21de000 	C:\WINDOWS\System32\msvcrt.dll
0x00007ff8a13d0000 - 0x00007ff8a146f000 	C:\WINDOWS\System32\sechost.dll
0x00007ff8a0780000 - 0x00007ff8a08a3000 	C:\WINDOWS\System32\RPCRT4.dll
0x00007ff8a0510000 - 0x00007ff8a0537000 	C:\WINDOWS\System32\bcrypt.dll
0x00007ff8a0dc0000 - 0x00007ff8a0f5d000 	C:\WINDOWS\System32\USER32.dll
0x00007ff89fe50000 - 0x00007ff89fe72000 	C:\WINDOWS\System32\win32u.dll
0x00007ff8a06b0000 - 0x00007ff8a06db000 	C:\WINDOWS\System32\GDI32.dll
0x00007ff8a0540000 - 0x00007ff8a0657000 	C:\WINDOWS\System32\gdi32full.dll
0x00007ff8a0370000 - 0x00007ff8a040d000 	C:\WINDOWS\System32\msvcp_win.dll
0x00007ff897850000 - 0x00007ff89786b000 	C:\Program Files\Java\jdk-17\bin\VCRUNTIME140.dll
0x00007ff88e530000 - 0x00007ff88e7ca000 	C:\WINDOWS\WinSxS\amd64_microsoft.windows.common-controls_6595b64144ccf1df_6.0.19041.4355_none_60b8b9eb71f62e16\COMCTL32.dll
0x00007ff8926f0000 - 0x00007ff8926fa000 	C:\WINDOWS\SYSTEM32\VERSION.dll
0x00007ff8a1750000 - 0x00007ff8a177f000 	C:\WINDOWS\System32\IMM32.DLL
0x00007ff897840000 - 0x00007ff89784c000 	C:\Program Files\Java\jdk-17\bin\vcruntime140_1.dll
0x00007ff8574f0000 - 0x00007ff85757e000 	C:\Program Files\Java\jdk-17\bin\msvcp140.dll
0x00007ff800790000 - 0x00007ff801370000 	C:\Program Files\Java\jdk-17\bin\server\jvm.dll
0x00007ff8a06e0000 - 0x00007ff8a06e8000 	C:\WINDOWS\System32\PSAPI.DLL
0x00007ff88af00000 - 0x00007ff88af09000 	C:\WINDOWS\SYSTEM32\WSOCK32.dll
0x00007ff8a0990000 - 0x00007ff8a09fb000 	C:\WINDOWS\System32\WS2_32.dll
0x00007ff886d70000 - 0x00007ff886d97000 	C:\WINDOWS\SYSTEM32\WINMM.dll
0x00007ff89e550000 - 0x00007ff89e562000 	C:\WINDOWS\SYSTEM32\kernel.appcore.dll
0x00007ff892a00000 - 0x00007ff892a0a000 	C:\Program Files\Java\jdk-17\bin\jimage.dll
0x00007ff893c90000 - 0x00007ff893e74000 	C:\WINDOWS\SYSTEM32\DBGHELP.DLL
0x00007ff892940000 - 0x00007ff892974000 	C:\WINDOWS\SYSTEM32\dbgcore.DLL
0x00007ff89fe80000 - 0x00007ff89ff02000 	C:\WINDOWS\System32\bcryptPrimitives.dll
0x00007ff884950000 - 0x00007ff884975000 	C:\Program Files\Java\jdk-17\bin\java.dll

dbghelp: loaded successfully - version: 4.0.5 - missing functions: none
symbol engine: initialized successfully - sym options: 0x614 - pdb path: .;C:\Program Files\Java\jdk-17\bin;C:\WINDOWS\SYSTEM32;C:\Program Files\Avast Software\Avast;C:\WINDOWS\WinSxS\amd64_microsoft.windows.common-controls_6595b64144ccf1df_6.0.19041.4355_none_60b8b9eb71f62e16;C:\Program Files\Java\jdk-17\bin\server

VM Arguments:
jvm_args: --module-path=C:\Users\Utilisateur\.m2\repository\org\openjfx\javafx-base\22.0.1\javafx-base-22.0.1-win.jar;C:\Users\Utilisateur\.m2\repository\org\openjfx\javafx-base\22.0.1\javafx-base-22.0.1.jar;C:\Users\Utilisateur\.m2\repository\org\openjfx\javafx-controls\22.0.1\javafx-controls-22.0.1-win.jar;C:\Users\Utilisateur\.m2\repository\org\openjfx\javafx-controls\22.0.1\javafx-controls-22.0.1.jar;C:\Users\Utilisateur\.m2\repository\org\openjfx\javafx-fxml\22.0.1\javafx-fxml-22.0.1-win.jar;C:\Users\Utilisateur\.m2\repository\org\openjfx\javafx-fxml\22.0.1\javafx-fxml-22.0.1.jar;C:\Users\Utilisateur\.m2\repository\org\openjfx\javafx-graphics\22.0.1\javafx-graphics-22.0.1-win.jar;C:\Users\Utilisateur\.m2\repository\org\openjfx\javafx-graphics\22.0.1\javafx-graphics-22.0.1.jar --add-modules=javafx.base,javafx.controls,javafx.fxml,javafx.graphics 
java_command: main.Main
java_class_path (initial): C:\Users\Utilisateur\Desktop\Project 2.1\Project_2_1\target\classes;C:\Users\Utilisateur\.m2\repository\ai\djl\api\0.29.0\api-0.29.0.jar;C:\Users\Utilisateur\.m2\repository\com\google\code\gson\gson\2.11.0\gson-2.11.0.jar;C:\Users\Utilisateur\.m2\repository\com\google\errorprone\error_prone_annotations\2.27.0\error_prone_annotations-2.27.0.jar;C:\Users\Utilisateur\.m2\repository\commons-codec\commons-codec\1.17.0\commons-codec-1.17.0.jar;C:\Users\Utilisateur\.m2\repository\commons-io\commons-io\2.16.1\commons-io-2.16.1.jar;C:\Users\Utilisateur\.m2\repository\net\java\dev\jna\jna\5.14.0\jna-5.14.0.jar;C:\Users\Utilisateur\.m2\repository\org\apache\commons\commons-compress\1.26.2\commons-compress-1.26.2.jar;C:\Users\Utilisateur\.m2\repository\org\apfloat\apfloat\1.10.1\apfloat-1.10.1.jar;C:\Users\Utilisateur\.m2\repository\org\jgrapht\jgrapht-core\1.5.2\jgrapht-core-1.5.2.jar;C:\Users\Utilisateur\.m2\repository\org\jheaps\jheaps\0.14\jheaps-0.14.jar;C:\Users\Utilisateur\.m2\repository\org\projectlombok\lombok\1.18.34\lombok-1.18.34.jar;C:\Users\Utilisateur\.m2\repository\org\slf4j\slf4j-api\2.0.13\slf4j-api-2.0.13.jar
Launcher Type: SUN_STANDARD

[Global flags]
     intx CICompilerCount                          = 3                                         {product} {ergonomic}
     uint ConcGCThreads                            = 1                                         {product} {ergonomic}
     uint G1ConcRefinementThreads                  = 4                                         {product} {ergonomic}
   size_t G1HeapRegionSize                         = 1048576                                   {product} {ergonomic}
    uintx GCDrainStackTargetSize                   = 64                                        {product} {ergonomic}
   size_t InitialHeapSize                          = 130023424                                 {product} {ergonomic}
   size_t MarkStackSize                            = 4194304                                   {product} {ergonomic}
   size_t MaxHeapSize                              = 2065694720                                {product} {ergonomic}
   size_t MinHeapDeltaBytes                        = 1048576                                   {product} {ergonomic}
   size_t MinHeapSize                              = 8388608                                   {product} {ergonomic}
    uintx NonNMethodCodeHeapSize                   = 5832780                                {pd product} {ergonomic}
    uintx NonProfiledCodeHeapSize                  = 122912730                              {pd product} {ergonomic}
    uintx ProfiledCodeHeapSize                     = 122912730                              {pd product} {ergonomic}
    uintx ReservedCodeCacheSize                    = 251658240                              {pd product} {ergonomic}
     bool SegmentedCodeCache                       = true                                      {product} {ergonomic}
   size_t SoftMaxHeapSize                          = 2065694720                             {manageable} {ergonomic}
     bool UseCompressedClassPointers               = true                           {product lp64_product} {ergonomic}
     bool UseCompressedOops                        = true                           {product lp64_product} {ergonomic}
     bool UseG1GC                                  = true                                      {product} {ergonomic}
     bool UseLargePagesIndividualAllocation        = false                                  {pd product} {ergonomic}

Logging:
Log output configuration:
 #0: stdout all=warning uptime,level,tags
 #1: stderr all=off uptime,level,tags

Environment Variables:
JAVA_HOME=C:\Program Files\Java\jdk-17
PATH=C:\Program Files\Common Files\Oracle\Java\javapath;C:\oraclexe\app\oracle\product\11.2.0\server\bin;C:\WINDOWS\system32;C:\WINDOWS;C:\Program Files\Java\jdk-17\bin;C:\Gradle\gradle-8.7\bin;C:\WINDOWS\System32\Wbem;C:\WINDOWS\System32\WindowsPowerShell\v1.0\;C:\WINDOWS\System32\OpenSSH\;C:\FPC\3.0.4\bin\i386-Win32;C:\Program Files\Intel\WiFi\bin\;C:\Program Files\Common Files\Intel\WirelessCommon\;C:\CamlLight\bin;C:\Program Files (x86)\CodeBlocks\MinGW\bin;C:\Bison\bin;C:\Program Files (x86)\GnuWin32\bin;C:\Program Files\Microsoft SQL Server\Client SDK\ODBC\110\Tools\Binn\;C:\Program Files (x86)\Microsoft SQL Server\120\Tools\Binn\;C:\Program Files\Microsoft SQL Server\120\Tools\Binn\;C:\Program Files\Microsoft SQL Server\120\DTS\Binn\;C:\Program Files\Microsoft SQL Server\130\Tools\Binn\;C:\Program Files\apache-maven-3.9.6-bin\apache-maven-3.9.6\bin;C:\Program Files\Java\jdk-17\bin;C:\Program Files\Calibre2\;C:\Program Files\Git\cmd;C:\Users\Utilisateur\AppData\Local\Programs\Python\Python312\Scripts\;C:\Users\Utilisateur\AppData\Local\Programs\Python\Python312\;C:\Users\Utilisateur\AppData\Local\Microsoft\WindowsApps;C:\Program Files\AdoptOpenJDK\jdk-11.0.10.9-hotspot\bin;C:\Program Files\Intel\WiFi\bin\;C:\Program Files\Common Files\Intel\WirelessCommon\;C:\Users\Utilisateur\AppData\Local\Programs\MiKTeX\miktex\bin\x64\;C:\Users\Utilisateur\AppData\Local\Programs\Microsoft VS Code\bin;C:\Program Files\MySQL\MySQL Server 8.0\bin;
USERNAME=Utilisateur
LANG=en_US.UTF-8
OS=Windows_NT
PROCESSOR_IDENTIFIER=Intel64 Family 6 Model 69 Stepping 1, GenuineIntel



---------------  S Y S T E M  ---------------

OS:
 Windows 10 , 64 bit Build 19041 (10.0.19041.5198)
OS uptime: 15 days 0:21 hours

CPU: total 4 (initial active 4) (2 cores per cpu, 2 threads per core) family 6 model 69 stepping 1 microcode 0x26, cx8, cmov, fxsr, ht, mmx, sse, sse2, sse3, ssse3, sse4.1, sse4.2, popcnt, lzcnt, tsc, tscinvbit, avx, avx2, aes, erms, clmul, bmi1, bmi2, fma, vzeroupper, clflush

Memory: 4k page, system-wide physical 7878M (1335M free)
TotalPageFile size 10878M (AvailPageFile size 53M)
current process WorkingSet (physical memory assigned to process): 10M, peak: 10M
current process commit charge ("private bytes"): 52M, peak: 175M

vm_info: Java HotSpot(TM) 64-Bit Server VM (17.0.11+7-LTS-207) for windows-amd64 JRE (17.0.11+7-LTS-207), built on Mar 11 2024 19:01:50 by "mach5one" with MS VC++ 17.6 (VS2022)

END.
