#
# There is insufficient memory for the Java Runtime Environment to continue.
# Native memory allocation (mmap) failed to map 65536 bytes for Failed to commit metaspace.
# Possible reasons:
#   The system is out of physical RAM or swap space
#   The process is running with CompressedOops enabled, and the Java Heap may be blocking the growth of the native heap
# Possible solutions:
#   Reduce memory load on the system
#   Increase physical memory or swap space
#   Check if swap backing store is full
#   Decrease Java heap size (-Xmx/-Xms)
#   Decrease number of Java threads
#   Decrease Java thread stack sizes (-Xss)
#   Set larger code cache with -XX:ReservedCodeCacheSize=
#   JVM is running with Unscaled Compressed Oops mode in which the Java heap is
#     placed in the first 4GB address space. The Java Heap base address is the
#     maximum limit for the native heap growth. Please use -XX:HeapBaseMinAddress
#     to set the Java Heap base and to place the Java Heap above 4GB virtual address.
# This output file may be truncated or incomplete.
#
#  Out of Memory Error (virtualSpaceNode.cpp:110), pid=14984, tid=15852
#
# JRE version: Java(TM) SE Runtime Environment (17.0.11+7) (build 17.0.11+7-LTS-207)
# Java VM: Java HotSpot(TM) 64-Bit Server VM (17.0.11+7-LTS-207, mixed mode, sharing, tiered, compressed oops, compressed class ptrs, g1 gc, windows-amd64)
# No core dump will be written. Minidumps are not enabled by default on client versions of Windows
#

---------------  S U M M A R Y ------------

Command Line: --module-path=C:\Users\Utilisateur\.m2\repository\org\openjfx\javafx-base\22.0.1\javafx-base-22.0.1-win.jar;C:\Users\Utilisateur\.m2\repository\org\openjfx\javafx-base\22.0.1\javafx-base-22.0.1.jar;C:\Users\Utilisateur\.m2\repository\org\openjfx\javafx-controls\22.0.1\javafx-controls-22.0.1-win.jar;C:\Users\Utilisateur\.m2\repository\org\openjfx\javafx-controls\22.0.1\javafx-controls-22.0.1.jar;C:\Users\Utilisateur\.m2\repository\org\openjfx\javafx-fxml\22.0.1\javafx-fxml-22.0.1-win.jar;C:\Users\Utilisateur\.m2\repository\org\openjfx\javafx-fxml\22.0.1\javafx-fxml-22.0.1.jar;C:\Users\Utilisateur\.m2\repository\org\openjfx\javafx-graphics\22.0.1\javafx-graphics-22.0.1-win.jar;C:\Users\Utilisateur\.m2\repository\org\openjfx\javafx-graphics\22.0.1\javafx-graphics-22.0.1.jar --add-modules=javafx.base,javafx.controls,javafx.fxml,javafx.graphics main.Main

Host: Intel(R) Core(TM) i7-4600U CPU @ 2.10GHz, 4 cores, 7G,  Windows 10 , 64 bit Build 19041 (10.0.19041.5198)
Time: Mon Jan  6 14:42:35 2025 W. Europe Standard Time elapsed time: 1.957867 seconds (0d 0h 0m 1s)

---------------  T H R E A D  ---------------

Current thread (0x000001dc7ea90920):  JavaThread "JavaFX Application Thread" [_thread_in_vm, id=15852, stack(0x000000dbadf00000,0x000000dbae000000)]

Stack: [0x000000dbadf00000,0x000000dbae000000]
Native frames: (J=compiled Java code, j=interpreted, Vv=VM code, C=native code)
V  [jvm.dll+0x679cca]
V  [jvm.dll+0x7da13d]
V  [jvm.dll+0x7dba83]
V  [jvm.dll+0x7dc0f3]
V  [jvm.dll+0x2449af]
V  [jvm.dll+0x7d5d0b]
V  [jvm.dll+0x6200b6]
V  [jvm.dll+0x1be687]
V  [jvm.dll+0x622a12]
V  [jvm.dll+0x620a76]
V  [jvm.dll+0x2422dc]
V  [jvm.dll+0x6d079d]
V  [jvm.dll+0x6d116f]
V  [jvm.dll+0x36dd25]
V  [jvm.dll+0x36cdd4]
V  [jvm.dll+0x36cd78]
V  [jvm.dll+0x37ca9a]
C  0x000001dc0754b9d7

Java frames: (J=compiled Java code, j=interpreted, Vv=VM code)
j  com.sun.javafx.application.PlatformImpl.initPreferences(Ljava/util/Map;Ljava/util/Map;Ljava/util/Map;)V+0 javafx.graphics@22.0.1
j  com.sun.javafx.tk.quantum.QuantumToolkit.runToolkit()V+95 javafx.graphics@22.0.1
j  com.sun.javafx.tk.quantum.QuantumToolkit.lambda$startup$10()V+1 javafx.graphics@22.0.1
j  com.sun.javafx.tk.quantum.QuantumToolkit$$Lambda$80+0x000001dc100284b0.run()V+4 javafx.graphics@22.0.1
j  com.sun.glass.ui.Application.lambda$run$1(Ljava/lang/Runnable;)V+4 javafx.graphics@22.0.1
j  com.sun.glass.ui.Application$$Lambda$83+0x000001dc1002cf18.run()V+4 javafx.graphics@22.0.1
v  ~StubRoutines::call_stub
j  com.sun.glass.ui.win.WinApplication._runLoop(Ljava/lang/Runnable;)V+0 javafx.graphics@22.0.1
j  com.sun.glass.ui.win.WinApplication.lambda$runLoop$3(ILjava/lang/Runnable;)V+8 javafx.graphics@22.0.1
j  com.sun.glass.ui.win.WinApplication$$Lambda$87+0x000001dc1002d788.run()V+12 javafx.graphics@22.0.1
j  java.lang.Thread.run()V+11 java.base@17.0.11
v  ~StubRoutines::call_stub

---------------  P R O C E S S  ---------------

Threads class SMR info:
_java_thread_list=0x000001dc7eabf8a0, length=15, elements={
0x000001dc6fa1f900, 0x000001dc7e0af9f0, 0x000001dc7e0b0740, 0x000001dc7e0c85b0,
0x000001dc7e0c8e80, 0x000001dc7e0c9840, 0x000001dc7e0ca200, 0x000001dc7e0caef0,
0x000001dc7e131d50, 0x000001dc7e1362a0, 0x000001dc7e098df0, 0x000001dc7e5dc660,
0x000001dc7ea300d0, 0x000001dc7ea8fc30, 0x000001dc7ea90920
}

Java Threads: ( => current thread )
  0x000001dc6fa1f900 JavaThread "main" [_thread_blocked, id=17340, stack(0x000000dbac600000,0x000000dbac700000)]
  0x000001dc7e0af9f0 JavaThread "Reference Handler" daemon [_thread_blocked, id=15256, stack(0x000000dbace00000,0x000000dbacf00000)]
  0x000001dc7e0b0740 JavaThread "Finalizer" daemon [_thread_blocked, id=17004, stack(0x000000dbacf00000,0x000000dbad000000)]
  0x000001dc7e0c85b0 JavaThread "Signal Dispatcher" daemon [_thread_blocked, id=9288, stack(0x000000dbad000000,0x000000dbad100000)]
  0x000001dc7e0c8e80 JavaThread "Attach Listener" daemon [_thread_blocked, id=12520, stack(0x000000dbad100000,0x000000dbad200000)]
  0x000001dc7e0c9840 JavaThread "Service Thread" daemon [_thread_blocked, id=17188, stack(0x000000dbad200000,0x000000dbad300000)]
  0x000001dc7e0ca200 JavaThread "Monitor Deflation Thread" daemon [_thread_blocked, id=368, stack(0x000000dbad300000,0x000000dbad400000)]
  0x000001dc7e0caef0 JavaThread "C2 CompilerThread0" daemon [_thread_blocked, id=17876, stack(0x000000dbad400000,0x000000dbad500000)]
  0x000001dc7e131d50 JavaThread "C1 CompilerThread0" daemon [_thread_blocked, id=4744, stack(0x000000dbad500000,0x000000dbad600000)]
  0x000001dc7e1362a0 JavaThread "Sweeper thread" daemon [_thread_blocked, id=4956, stack(0x000000dbad600000,0x000000dbad700000)]
  0x000001dc7e098df0 JavaThread "Common-Cleaner" daemon [_thread_blocked, id=6164, stack(0x000000dbad700000,0x000000dbad800000)]
  0x000001dc7e5dc660 JavaThread "Notification Thread" daemon [_thread_blocked, id=10204, stack(0x000000dbad900000,0x000000dbada00000)]
  0x000001dc7ea300d0 JavaThread "QuantumRenderer-0" daemon [_thread_blocked, id=17640, stack(0x000000dbad800000,0x000000dbad900000)]
  0x000001dc7ea8fc30 JavaThread "InvokeLaterDispatcher" daemon [_thread_blocked, id=15588, stack(0x000000dbade00000,0x000000dbadf00000)]
=>0x000001dc7ea90920 JavaThread "JavaFX Application Thread" [_thread_in_vm, id=15852, stack(0x000000dbadf00000,0x000000dbae000000)]

Other Threads:
  0x000001dc7e0aa9c0 VMThread "VM Thread" [stack: 0x000000dbacd00000,0x000000dbace00000] [id=16304]
  0x000001dc7e4b7050 WatcherThread [stack: 0x000000dbada00000,0x000000dbadb00000] [id=9936]
  0x000001dc6fa79e40 GCTaskThread "GC Thread#0" [stack: 0x000000dbac800000,0x000000dbac900000] [id=8556]
  0x000001dc7e9d3870 GCTaskThread "GC Thread#1" [stack: 0x000000dbadb00000,0x000000dbadc00000] [id=4184]
  0x000001dc7ea67180 GCTaskThread "GC Thread#2" [stack: 0x000000dbadc00000,0x000000dbadd00000] [id=15480]
  0x000001dc7ea67440 GCTaskThread "GC Thread#3" [stack: 0x000000dbadd00000,0x000000dbade00000] [id=12652]
  0x000001dc6fa8a3d0 ConcurrentGCThread "G1 Main Marker" [stack: 0x000000dbac900000,0x000000dbaca00000] [id=17472]
  0x000001dc6fa8aeb0 ConcurrentGCThread "G1 Conc#0" [stack: 0x000000dbaca00000,0x000000dbacb00000] [id=772]
  0x000001dc6faed720 ConcurrentGCThread "G1 Refine#0" [stack: 0x000000dbacb00000,0x000000dbacc00000] [id=13840]
  0x000001dc6faee050 ConcurrentGCThread "G1 Service" [stack: 0x000000dbacc00000,0x000000dbacd00000] [id=18344]

Threads with active compile tasks:

VM state: not at safepoint (normal execution)

VM Mutex/Monitor currently owned by a thread:  ([mutex/lock_event])
[0x000001dc6fa1b7b0] Metaspace_lock - owner thread: 0x000001dc7ea90920

Heap address: 0x0000000084e00000, size: 1970 MB, Compressed Oops mode: 32-bit

CDS archive(s) mapped at: [0x000001dc0f000000-0x000001dc0fbd0000-0x000001dc0fbd0000), size 12386304, SharedBaseAddress: 0x000001dc0f000000, ArchiveRelocationMode: 1.
Compressed class space mapped at: 0x000001dc10000000-0x000001dc50000000, reserved size: 1073741824
Narrow klass base: 0x000001dc0f000000, Narrow klass shift: 0, Narrow klass range: 0x100000000

GC Precious Log:
 CPUs: 4 total, 4 available
 Memory: 7878M
 Large Page Support: Disabled
 NUMA Support: Disabled
 Compressed Oops: Enabled (32-bit)
 Heap Region Size: 1M
 Heap Min Capacity: 8M
 Heap Initial Capacity: 124M
 Heap Max Capacity: 1970M
 Pre-touch: Disabled
 Parallel Workers: 4
 Concurrent Workers: 1
 Concurrent Refinement Workers: 4
 Periodic GC: Disabled

Heap:
 garbage-first heap   total 126976K, used 3776K [0x0000000084e00000, 0x0000000100000000)
  region size 1024K, 5 young (5120K), 2 survivors (2048K)
 Metaspace       used 3031K, committed 3200K, reserved 1114112K
  class space    used 318K, committed 448K, reserved 1048576K

Heap Regions: E=young(eden), S=young(survivor), O=old, HS=humongous(starts), HC=humongous(continues), CS=collection set, F=free, OA=open archive, CA=closed archive, TAMS=top-at-mark-start (previous, next)
|   0|0x0000000084e00000, 0x0000000084e00000, 0x0000000084f00000|  0%| F|  |TAMS 0x0000000084e00000, 0x0000000084e00000| Untracked 
|   1|0x0000000084f00000, 0x0000000084f00000, 0x0000000085000000|  0%| F|  |TAMS 0x0000000084f00000, 0x0000000084f00000| Untracked 
|   2|0x0000000085000000, 0x0000000085000000, 0x0000000085100000|  0%| F|  |TAMS 0x0000000085000000, 0x0000000085000000| Untracked 
|   3|0x0000000085100000, 0x0000000085100000, 0x0000000085200000|  0%| F|  |TAMS 0x0000000085100000, 0x0000000085100000| Untracked 
|   4|0x0000000085200000, 0x0000000085200000, 0x0000000085300000|  0%| F|  |TAMS 0x0000000085200000, 0x0000000085200000| Untracked 
|   5|0x0000000085300000, 0x0000000085300000, 0x0000000085400000|  0%| F|  |TAMS 0x0000000085300000, 0x0000000085300000| Untracked 
|   6|0x0000000085400000, 0x0000000085400000, 0x0000000085500000|  0%| F|  |TAMS 0x0000000085400000, 0x0000000085400000| Untracked 
|   7|0x0000000085500000, 0x0000000085500000, 0x0000000085600000|  0%| F|  |TAMS 0x0000000085500000, 0x0000000085500000| Untracked 
|   8|0x0000000085600000, 0x0000000085600000, 0x0000000085700000|  0%| F|  |TAMS 0x0000000085600000, 0x0000000085600000| Untracked 
|   9|0x0000000085700000, 0x0000000085700000, 0x0000000085800000|  0%| F|  |TAMS 0x0000000085700000, 0x0000000085700000| Untracked 
|  10|0x0000000085800000, 0x0000000085800000, 0x0000000085900000|  0%| F|  |TAMS 0x0000000085800000, 0x0000000085800000| Untracked 
|  11|0x0000000085900000, 0x0000000085900000, 0x0000000085a00000|  0%| F|  |TAMS 0x0000000085900000, 0x0000000085900000| Untracked 
|  12|0x0000000085a00000, 0x0000000085a00000, 0x0000000085b00000|  0%| F|  |TAMS 0x0000000085a00000, 0x0000000085a00000| Untracked 
|  13|0x0000000085b00000, 0x0000000085b00000, 0x0000000085c00000|  0%| F|  |TAMS 0x0000000085b00000, 0x0000000085b00000| Untracked 
|  14|0x0000000085c00000, 0x0000000085c00000, 0x0000000085d00000|  0%| F|  |TAMS 0x0000000085c00000, 0x0000000085c00000| Untracked 
|  15|0x0000000085d00000, 0x0000000085d00000, 0x0000000085e00000|  0%| F|  |TAMS 0x0000000085d00000, 0x0000000085d00000| Untracked 
|  16|0x0000000085e00000, 0x0000000085e00000, 0x0000000085f00000|  0%| F|  |TAMS 0x0000000085e00000, 0x0000000085e00000| Untracked 
|  17|0x0000000085f00000, 0x0000000085f00000, 0x0000000086000000|  0%| F|  |TAMS 0x0000000085f00000, 0x0000000085f00000| Untracked 
|  18|0x0000000086000000, 0x0000000086000000, 0x0000000086100000|  0%| F|  |TAMS 0x0000000086000000, 0x0000000086000000| Untracked 
|  19|0x0000000086100000, 0x0000000086100000, 0x0000000086200000|  0%| F|  |TAMS 0x0000000086100000, 0x0000000086100000| Untracked 
|  20|0x0000000086200000, 0x0000000086200000, 0x0000000086300000|  0%| F|  |TAMS 0x0000000086200000, 0x0000000086200000| Untracked 
|  21|0x0000000086300000, 0x0000000086300000, 0x0000000086400000|  0%| F|  |TAMS 0x0000000086300000, 0x0000000086300000| Untracked 
|  22|0x0000000086400000, 0x0000000086400000, 0x0000000086500000|  0%| F|  |TAMS 0x0000000086400000, 0x0000000086400000| Untracked 
|  23|0x0000000086500000, 0x0000000086500000, 0x0000000086600000|  0%| F|  |TAMS 0x0000000086500000, 0x0000000086500000| Untracked 
|  24|0x0000000086600000, 0x0000000086600000, 0x0000000086700000|  0%| F|  |TAMS 0x0000000086600000, 0x0000000086600000| Untracked 
|  25|0x0000000086700000, 0x0000000086700000, 0x0000000086800000|  0%| F|  |TAMS 0x0000000086700000, 0x0000000086700000| Untracked 
|  26|0x0000000086800000, 0x0000000086800000, 0x0000000086900000|  0%| F|  |TAMS 0x0000000086800000, 0x0000000086800000| Untracked 
|  27|0x0000000086900000, 0x0000000086900000, 0x0000000086a00000|  0%| F|  |TAMS 0x0000000086900000, 0x0000000086900000| Untracked 
|  28|0x0000000086a00000, 0x0000000086a00000, 0x0000000086b00000|  0%| F|  |TAMS 0x0000000086a00000, 0x0000000086a00000| Untracked 
|  29|0x0000000086b00000, 0x0000000086b00000, 0x0000000086c00000|  0%| F|  |TAMS 0x0000000086b00000, 0x0000000086b00000| Untracked 
|  30|0x0000000086c00000, 0x0000000086c00000, 0x0000000086d00000|  0%| F|  |TAMS 0x0000000086c00000, 0x0000000086c00000| Untracked 
|  31|0x0000000086d00000, 0x0000000086d00000, 0x0000000086e00000|  0%| F|  |TAMS 0x0000000086d00000, 0x0000000086d00000| Untracked 
|  32|0x0000000086e00000, 0x0000000086e00000, 0x0000000086f00000|  0%| F|  |TAMS 0x0000000086e00000, 0x0000000086e00000| Untracked 
|  33|0x0000000086f00000, 0x0000000086f00000, 0x0000000087000000|  0%| F|  |TAMS 0x0000000086f00000, 0x0000000086f00000| Untracked 
|  34|0x0000000087000000, 0x0000000087000000, 0x0000000087100000|  0%| F|  |TAMS 0x0000000087000000, 0x0000000087000000| Untracked 
|  35|0x0000000087100000, 0x0000000087100000, 0x0000000087200000|  0%| F|  |TAMS 0x0000000087100000, 0x0000000087100000| Untracked 
|  36|0x0000000087200000, 0x0000000087200000, 0x0000000087300000|  0%| F|  |TAMS 0x0000000087200000, 0x0000000087200000| Untracked 
|  37|0x0000000087300000, 0x0000000087300000, 0x0000000087400000|  0%| F|  |TAMS 0x0000000087300000, 0x0000000087300000| Untracked 
|  38|0x0000000087400000, 0x0000000087400000, 0x0000000087500000|  0%| F|  |TAMS 0x0000000087400000, 0x0000000087400000| Untracked 
|  39|0x0000000087500000, 0x0000000087500000, 0x0000000087600000|  0%| F|  |TAMS 0x0000000087500000, 0x0000000087500000| Untracked 
|  40|0x0000000087600000, 0x0000000087600000, 0x0000000087700000|  0%| F|  |TAMS 0x0000000087600000, 0x0000000087600000| Untracked 
|  41|0x0000000087700000, 0x0000000087700000, 0x0000000087800000|  0%| F|  |TAMS 0x0000000087700000, 0x0000000087700000| Untracked 
|  42|0x0000000087800000, 0x0000000087800000, 0x0000000087900000|  0%| F|  |TAMS 0x0000000087800000, 0x0000000087800000| Untracked 
|  43|0x0000000087900000, 0x0000000087900000, 0x0000000087a00000|  0%| F|  |TAMS 0x0000000087900000, 0x0000000087900000| Untracked 
|  44|0x0000000087a00000, 0x0000000087a00000, 0x0000000087b00000|  0%| F|  |TAMS 0x0000000087a00000, 0x0000000087a00000| Untracked 
|  45|0x0000000087b00000, 0x0000000087b00000, 0x0000000087c00000|  0%| F|  |TAMS 0x0000000087b00000, 0x0000000087b00000| Untracked 
|  46|0x0000000087c00000, 0x0000000087c00000, 0x0000000087d00000|  0%| F|  |TAMS 0x0000000087c00000, 0x0000000087c00000| Untracked 
|  47|0x0000000087d00000, 0x0000000087d00000, 0x0000000087e00000|  0%| F|  |TAMS 0x0000000087d00000, 0x0000000087d00000| Untracked 
|  48|0x0000000087e00000, 0x0000000087e00000, 0x0000000087f00000|  0%| F|  |TAMS 0x0000000087e00000, 0x0000000087e00000| Untracked 
|  49|0x0000000087f00000, 0x0000000087f00000, 0x0000000088000000|  0%| F|  |TAMS 0x0000000087f00000, 0x0000000087f00000| Untracked 
|  50|0x0000000088000000, 0x0000000088000000, 0x0000000088100000|  0%| F|  |TAMS 0x0000000088000000, 0x0000000088000000| Untracked 
|  51|0x0000000088100000, 0x0000000088100000, 0x0000000088200000|  0%| F|  |TAMS 0x0000000088100000, 0x0000000088100000| Untracked 
|  52|0x0000000088200000, 0x0000000088200000, 0x0000000088300000|  0%| F|  |TAMS 0x0000000088200000, 0x0000000088200000| Untracked 
|  53|0x0000000088300000, 0x0000000088300000, 0x0000000088400000|  0%| F|  |TAMS 0x0000000088300000, 0x0000000088300000| Untracked 
|  54|0x0000000088400000, 0x0000000088400000, 0x0000000088500000|  0%| F|  |TAMS 0x0000000088400000, 0x0000000088400000| Untracked 
|  55|0x0000000088500000, 0x0000000088500000, 0x0000000088600000|  0%| F|  |TAMS 0x0000000088500000, 0x0000000088500000| Untracked 
|  56|0x0000000088600000, 0x0000000088600000, 0x0000000088700000|  0%| F|  |TAMS 0x0000000088600000, 0x0000000088600000| Untracked 
|  57|0x0000000088700000, 0x0000000088700000, 0x0000000088800000|  0%| F|  |TAMS 0x0000000088700000, 0x0000000088700000| Untracked 
|  58|0x0000000088800000, 0x0000000088800000, 0x0000000088900000|  0%| F|  |TAMS 0x0000000088800000, 0x0000000088800000| Untracked 
|  59|0x0000000088900000, 0x0000000088900000, 0x0000000088a00000|  0%| F|  |TAMS 0x0000000088900000, 0x0000000088900000| Untracked 
|  60|0x0000000088a00000, 0x0000000088a00000, 0x0000000088b00000|  0%| F|  |TAMS 0x0000000088a00000, 0x0000000088a00000| Untracked 
|  61|0x0000000088b00000, 0x0000000088b00000, 0x0000000088c00000|  0%| F|  |TAMS 0x0000000088b00000, 0x0000000088b00000| Untracked 
|  62|0x0000000088c00000, 0x0000000088c00000, 0x0000000088d00000|  0%| F|  |TAMS 0x0000000088c00000, 0x0000000088c00000| Untracked 
|  63|0x0000000088d00000, 0x0000000088d00000, 0x0000000088e00000|  0%| F|  |TAMS 0x0000000088d00000, 0x0000000088d00000| Untracked 
|  64|0x0000000088e00000, 0x0000000088e00000, 0x0000000088f00000|  0%| F|  |TAMS 0x0000000088e00000, 0x0000000088e00000| Untracked 
|  65|0x0000000088f00000, 0x0000000088f00000, 0x0000000089000000|  0%| F|  |TAMS 0x0000000088f00000, 0x0000000088f00000| Untracked 
|  66|0x0000000089000000, 0x0000000089000000, 0x0000000089100000|  0%| F|  |TAMS 0x0000000089000000, 0x0000000089000000| Untracked 
|  67|0x0000000089100000, 0x0000000089100000, 0x0000000089200000|  0%| F|  |TAMS 0x0000000089100000, 0x0000000089100000| Untracked 
|  68|0x0000000089200000, 0x0000000089200000, 0x0000000089300000|  0%| F|  |TAMS 0x0000000089200000, 0x0000000089200000| Untracked 
|  69|0x0000000089300000, 0x0000000089300000, 0x0000000089400000|  0%| F|  |TAMS 0x0000000089300000, 0x0000000089300000| Untracked 
|  70|0x0000000089400000, 0x0000000089400000, 0x0000000089500000|  0%| F|  |TAMS 0x0000000089400000, 0x0000000089400000| Untracked 
|  71|0x0000000089500000, 0x0000000089500000, 0x0000000089600000|  0%| F|  |TAMS 0x0000000089500000, 0x0000000089500000| Untracked 
|  72|0x0000000089600000, 0x0000000089600000, 0x0000000089700000|  0%| F|  |TAMS 0x0000000089600000, 0x0000000089600000| Untracked 
|  73|0x0000000089700000, 0x0000000089700000, 0x0000000089800000|  0%| F|  |TAMS 0x0000000089700000, 0x0000000089700000| Untracked 
|  74|0x0000000089800000, 0x0000000089800000, 0x0000000089900000|  0%| F|  |TAMS 0x0000000089800000, 0x0000000089800000| Untracked 
|  75|0x0000000089900000, 0x0000000089900000, 0x0000000089a00000|  0%| F|  |TAMS 0x0000000089900000, 0x0000000089900000| Untracked 
|  76|0x0000000089a00000, 0x0000000089a00000, 0x0000000089b00000|  0%| F|  |TAMS 0x0000000089a00000, 0x0000000089a00000| Untracked 
|  77|0x0000000089b00000, 0x0000000089b00000, 0x0000000089c00000|  0%| F|  |TAMS 0x0000000089b00000, 0x0000000089b00000| Untracked 
|  78|0x0000000089c00000, 0x0000000089c00000, 0x0000000089d00000|  0%| F|  |TAMS 0x0000000089c00000, 0x0000000089c00000| Untracked 
|  79|0x0000000089d00000, 0x0000000089d00000, 0x0000000089e00000|  0%| F|  |TAMS 0x0000000089d00000, 0x0000000089d00000| Untracked 
|  80|0x0000000089e00000, 0x0000000089e00000, 0x0000000089f00000|  0%| F|  |TAMS 0x0000000089e00000, 0x0000000089e00000| Untracked 
|  81|0x0000000089f00000, 0x0000000089f00000, 0x000000008a000000|  0%| F|  |TAMS 0x0000000089f00000, 0x0000000089f00000| Untracked 
|  82|0x000000008a000000, 0x000000008a000000, 0x000000008a100000|  0%| F|  |TAMS 0x000000008a000000, 0x000000008a000000| Untracked 
|  83|0x000000008a100000, 0x000000008a100000, 0x000000008a200000|  0%| F|  |TAMS 0x000000008a100000, 0x000000008a100000| Untracked 
|  84|0x000000008a200000, 0x000000008a200000, 0x000000008a300000|  0%| F|  |TAMS 0x000000008a200000, 0x000000008a200000| Untracked 
|  85|0x000000008a300000, 0x000000008a300000, 0x000000008a400000|  0%| F|  |TAMS 0x000000008a300000, 0x000000008a300000| Untracked 
|  86|0x000000008a400000, 0x000000008a400000, 0x000000008a500000|  0%| F|  |TAMS 0x000000008a400000, 0x000000008a400000| Untracked 
|  87|0x000000008a500000, 0x000000008a500000, 0x000000008a600000|  0%| F|  |TAMS 0x000000008a500000, 0x000000008a500000| Untracked 
|  88|0x000000008a600000, 0x000000008a600000, 0x000000008a700000|  0%| F|  |TAMS 0x000000008a600000, 0x000000008a600000| Untracked 
|  89|0x000000008a700000, 0x000000008a700000, 0x000000008a800000|  0%| F|  |TAMS 0x000000008a700000, 0x000000008a700000| Untracked 
|  90|0x000000008a800000, 0x000000008a800000, 0x000000008a900000|  0%| F|  |TAMS 0x000000008a800000, 0x000000008a800000| Untracked 
|  91|0x000000008a900000, 0x000000008a900000, 0x000000008aa00000|  0%| F|  |TAMS 0x000000008a900000, 0x000000008a900000| Untracked 
|  92|0x000000008aa00000, 0x000000008aa00000, 0x000000008ab00000|  0%| F|  |TAMS 0x000000008aa00000, 0x000000008aa00000| Untracked 
|  93|0x000000008ab00000, 0x000000008ab00000, 0x000000008ac00000|  0%| F|  |TAMS 0x000000008ab00000, 0x000000008ab00000| Untracked 
|  94|0x000000008ac00000, 0x000000008ac00000, 0x000000008ad00000|  0%| F|  |TAMS 0x000000008ac00000, 0x000000008ac00000| Untracked 
|  95|0x000000008ad00000, 0x000000008ad00000, 0x000000008ae00000|  0%| F|  |TAMS 0x000000008ad00000, 0x000000008ad00000| Untracked 
|  96|0x000000008ae00000, 0x000000008ae00000, 0x000000008af00000|  0%| F|  |TAMS 0x000000008ae00000, 0x000000008ae00000| Untracked 
|  97|0x000000008af00000, 0x000000008af00000, 0x000000008b000000|  0%| F|  |TAMS 0x000000008af00000, 0x000000008af00000| Untracked 
|  98|0x000000008b000000, 0x000000008b000000, 0x000000008b100000|  0%| F|  |TAMS 0x000000008b000000, 0x000000008b000000| Untracked 
|  99|0x000000008b100000, 0x000000008b100000, 0x000000008b200000|  0%| F|  |TAMS 0x000000008b100000, 0x000000008b100000| Untracked 
| 100|0x000000008b200000, 0x000000008b200000, 0x000000008b300000|  0%| F|  |TAMS 0x000000008b200000, 0x000000008b200000| Untracked 
| 101|0x000000008b300000, 0x000000008b300000, 0x000000008b400000|  0%| F|  |TAMS 0x000000008b300000, 0x000000008b300000| Untracked 
| 102|0x000000008b400000, 0x000000008b400000, 0x000000008b500000|  0%| F|  |TAMS 0x000000008b400000, 0x000000008b400000| Untracked 
| 103|0x000000008b500000, 0x000000008b500000, 0x000000008b600000|  0%| F|  |TAMS 0x000000008b500000, 0x000000008b500000| Untracked 
| 104|0x000000008b600000, 0x000000008b600000, 0x000000008b700000|  0%| F|  |TAMS 0x000000008b600000, 0x000000008b600000| Untracked 
| 105|0x000000008b700000, 0x000000008b700000, 0x000000008b800000|  0%| F|  |TAMS 0x000000008b700000, 0x000000008b700000| Untracked 
| 106|0x000000008b800000, 0x000000008b800000, 0x000000008b900000|  0%| F|  |TAMS 0x000000008b800000, 0x000000008b800000| Untracked 
| 107|0x000000008b900000, 0x000000008b900000, 0x000000008ba00000|  0%| F|  |TAMS 0x000000008b900000, 0x000000008b900000| Untracked 
| 108|0x000000008ba00000, 0x000000008ba00000, 0x000000008bb00000|  0%| F|  |TAMS 0x000000008ba00000, 0x000000008ba00000| Untracked 
| 109|0x000000008bb00000, 0x000000008bbb0000, 0x000000008bc00000| 68%| S|CS|TAMS 0x000000008bb00000, 0x000000008bb00000| Complete 
| 110|0x000000008bc00000, 0x000000008bd00000, 0x000000008bd00000|100%| S|CS|TAMS 0x000000008bc00000, 0x000000008bc00000| Complete 
| 111|0x000000008bd00000, 0x000000008bd00000, 0x000000008be00000|  0%| F|  |TAMS 0x000000008bd00000, 0x000000008bd00000| Untracked 
| 112|0x000000008be00000, 0x000000008be00000, 0x000000008bf00000|  0%| F|  |TAMS 0x000000008be00000, 0x000000008be00000| Untracked 
| 113|0x000000008bf00000, 0x000000008bf00000, 0x000000008c000000|  0%| F|  |TAMS 0x000000008bf00000, 0x000000008bf00000| Untracked 
| 114|0x000000008c000000, 0x000000008c000000, 0x000000008c100000|  0%| F|  |TAMS 0x000000008c000000, 0x000000008c000000| Untracked 
| 115|0x000000008c100000, 0x000000008c100000, 0x000000008c200000|  0%| F|  |TAMS 0x000000008c100000, 0x000000008c100000| Untracked 
| 116|0x000000008c200000, 0x000000008c200000, 0x000000008c300000|  0%| F|  |TAMS 0x000000008c200000, 0x000000008c200000| Untracked 
| 117|0x000000008c300000, 0x000000008c300000, 0x000000008c400000|  0%| F|  |TAMS 0x000000008c300000, 0x000000008c300000| Untracked 
| 118|0x000000008c400000, 0x000000008c400000, 0x000000008c500000|  0%| F|  |TAMS 0x000000008c400000, 0x000000008c400000| Untracked 
| 119|0x000000008c500000, 0x000000008c500000, 0x000000008c600000|  0%| F|  |TAMS 0x000000008c500000, 0x000000008c500000| Untracked 
| 120|0x000000008c600000, 0x000000008c600000, 0x000000008c700000|  0%| F|  |TAMS 0x000000008c600000, 0x000000008c600000| Untracked 
| 121|0x000000008c700000, 0x000000008c7b3558, 0x000000008c800000| 70%| E|  |TAMS 0x000000008c700000, 0x000000008c700000| Complete 
| 122|0x000000008c800000, 0x000000008c900000, 0x000000008c900000|100%| E|CS|TAMS 0x000000008c800000, 0x000000008c800000| Complete 
| 123|0x000000008c900000, 0x000000008ca00000, 0x000000008ca00000|100%| E|CS|TAMS 0x000000008c900000, 0x000000008c900000| Complete 

Card table byte_map: [0x000001dc776c0000,0x000001dc77aa0000] _byte_map_base: 0x000001dc77299000

Marking Bits (Prev, Next): (CMBitMap*) 0x000001dc6fa7a460, (CMBitMap*) 0x000001dc6fa7a4a0
 Prev Bits: [0x000001dc77e80000, 0x000001dc79d48000)
 Next Bits: [0x000001dc79d50000, 0x000001dc7bc18000)

Polling page: 0x000001dc6d8e0000

Metaspace:

Usage:
  Non-class:      2.65 MB used.
      Class:    318.04 KB used.
       Both:      2.96 MB used.

Virtual space:
  Non-class space:       64.00 MB reserved,       2.69 MB (  4%) committed,  1 nodes.
      Class space:        1.00 GB reserved,     448.00 KB ( <1%) committed,  1 nodes.
             Both:        1.06 GB reserved,       3.12 MB ( <1%) committed. 

Chunk freelists:
   Non-Class:  10.80 MB
       Class:  15.54 MB
        Both:  26.34 MB

MaxMetaspaceSize: unlimited
CompressedClassSpaceSize: 1.00 GB
Initial GC threshold: 21.00 MB
Current GC threshold: 21.00 MB
CDS: on
MetaspaceReclaimPolicy: balanced
 - commit_granule_bytes: 65536.
 - commit_granule_words: 8192.
 - virtual_space_node_default_size: 8388608.
 - enlarge_chunks_in_place: 1.
 - new_chunks_are_fully_committed: 0.
 - uncommit_free_chunks: 1.
 - use_allocation_guard: 0.
 - handle_deallocations: 1.


Internal statistics:

num_allocs_failed_limit: 0.
num_arena_births: 78.
num_arena_deaths: 0.
num_vsnodes_births: 2.
num_vsnodes_deaths: 0.
num_space_committed: 50.
num_space_uncommitted: 0.
num_chunks_returned_to_freelist: 0.
num_chunks_taken_from_freelist: 146.
num_chunk_merges: 0.
num_chunk_splits: 97.
num_chunks_enlarged: 70.
num_inconsistent_stats: 0.

CodeHeap 'non-profiled nmethods': size=120000Kb used=275Kb max_used=275Kb free=119724Kb
 bounds [0x000001dc07ad0000, 0x000001dc07d40000, 0x000001dc0f000000]
CodeHeap 'profiled nmethods': size=120000Kb used=1220Kb max_used=1220Kb free=118779Kb
 bounds [0x000001dc00000000, 0x000001dc00270000, 0x000001dc07530000]
CodeHeap 'non-nmethods': size=5760Kb used=1161Kb max_used=1171Kb free=4598Kb
 bounds [0x000001dc07530000, 0x000001dc077a0000, 0x000001dc07ad0000]
 total_blobs=1264 nmethods=816 adapters=361
 compilation: enabled
              stopped_count=0, restarted_count=0
 full_count=0

Compilation events (20 events):
Event: 1.898 Thread 0x000001dc7e0caef0 nmethod 805 0x000001dc07b14510 code [0x000001dc07b14680, 0x000001dc07b14778]
Event: 1.898 Thread 0x000001dc7e131d50 nmethod 806 0x000001dc0012cd10 code [0x000001dc0012cea0, 0x000001dc0012d058]
Event: 1.898 Thread 0x000001dc7e131d50  807       3       java.util.zip.ZipUtils::LOCEXT (7 bytes)
Event: 1.898 Thread 0x000001dc7e131d50 nmethod 807 0x000001dc0012d190 code [0x000001dc0012d320, 0x000001dc0012d4d8]
Event: 1.898 Thread 0x000001dc7e131d50  808   !   3       java.util.zip.ZipFile$ZipFileInflaterInputStream::close (67 bytes)
Event: 1.899 Thread 0x000001dc7e131d50 nmethod 808 0x000001dc0012d610 code [0x000001dc0012d840, 0x000001dc0012e098]
Event: 1.899 Thread 0x000001dc7e131d50  810       3       java.util.concurrent.ConcurrentHashMap$Traverser::advance (188 bytes)
Event: 1.900 Thread 0x000001dc7e131d50 nmethod 810 0x000001dc0012e410 code [0x000001dc0012e660, 0x000001dc0012f248]
Event: 1.900 Thread 0x000001dc7e131d50  809       3       java.util.zip.InflaterInputStream::close (34 bytes)
Event: 1.900 Thread 0x000001dc7e131d50 nmethod 809 0x000001dc0012f510 code [0x000001dc0012f6c0, 0x000001dc0012f978]
Event: 1.930 Thread 0x000001dc7e131d50  811       3       java.util.concurrent.ConcurrentHashMap$BaseIterator::hasNext (13 bytes)
Event: 1.931 Thread 0x000001dc7e131d50 nmethod 811 0x000001dc0012fa90 code [0x000001dc0012fc20, 0x000001dc0012fd98]
Event: 1.932 Thread 0x000001dc7e131d50  812       3       java.lang.invoke.MethodTypeForm::cachedLambdaForm (23 bytes)
Event: 1.933 Thread 0x000001dc7e131d50 nmethod 812 0x000001dc0012fe10 code [0x000001dc0012ffc0, 0x000001dc00130328]
Event: 1.933 Thread 0x000001dc7e131d50  813       3       jdk.internal.org.objectweb.asm.Label::<init> (5 bytes)
Event: 1.933 Thread 0x000001dc7e131d50 nmethod 813 0x000001dc00130490 code [0x000001dc00130620, 0x000001dc00130778]
Event: 1.935 Thread 0x000001dc7e131d50  814       3       java.util.concurrent.ConcurrentHashMap$ValueIterator::next (34 bytes)
Event: 1.935 Thread 0x000001dc7e131d50 nmethod 814 0x000001dc00130810 code [0x000001dc001309c0, 0x000001dc00130c18]
Event: 1.935 Thread 0x000001dc7e131d50  815       3       jdk.internal.loader.NativeLibraries$NativeLibraryImpl::find (6 bytes)
Event: 1.935 Thread 0x000001dc7e131d50 nmethod 815 0x000001dc00130d10 code [0x000001dc00130ea0, 0x000001dc00130fc8]

GC Heap History (2 events):
Event: 1.707 GC heap before
{Heap before GC invocations=0 (full 0):
 garbage-first heap   total 126976K, used 13312K [0x0000000084e00000, 0x0000000100000000)
  region size 1024K, 13 young (13312K), 0 survivors (0K)
 Metaspace       used 2376K, committed 2560K, reserved 1114112K
  class space    used 244K, committed 320K, reserved 1048576K
}
Event: 1.775 GC heap after
{Heap after GC invocations=1 (full 0):
 garbage-first heap   total 126976K, used 1728K [0x0000000084e00000, 0x0000000100000000)
  region size 1024K, 2 young (2048K), 2 survivors (2048K)
 Metaspace       used 2376K, committed 2560K, reserved 1114112K
  class space    used 244K, committed 320K, reserved 1048576K
}

Deoptimization events (20 events):
Event: 0.890 Thread 0x000001dc6fa1f900 DEOPT PACKING pc=0x000001dc07ad8ff4 sp=0x000000dbac6ff110
Event: 0.890 Thread 0x000001dc6fa1f900 DEOPT UNPACKING pc=0x000001dc075823a3 sp=0x000000dbac6ff050 mode 2
Event: 1.043 Thread 0x000001dc6fa1f900 Uncommon trap: trap_request=0xffffff45 fr.pc=0x000001dc07af14b4 relative=0x0000000000001b54
Event: 1.043 Thread 0x000001dc6fa1f900 Uncommon trap: reason=unstable_if action=reinterpret pc=0x000001dc07af14b4 method=java.lang.String.isEmpty()Z @ 5 c2
Event: 1.043 Thread 0x000001dc6fa1f900 DEOPT PACKING pc=0x000001dc07af14b4 sp=0x000000dbac6fe540
Event: 1.043 Thread 0x000001dc6fa1f900 DEOPT UNPACKING pc=0x000001dc075823a3 sp=0x000000dbac6fe448 mode 2
Event: 1.126 Thread 0x000001dc6fa1f900 Uncommon trap: trap_request=0xffffff45 fr.pc=0x000001dc07ae04bc relative=0x00000000000006fc
Event: 1.126 Thread 0x000001dc6fa1f900 Uncommon trap: reason=unstable_if action=reinterpret pc=0x000001dc07ae04bc method=java.lang.String.isEmpty()Z @ 5 c2
Event: 1.126 Thread 0x000001dc6fa1f900 DEOPT PACKING pc=0x000001dc07ae04bc sp=0x000000dbac6fe410
Event: 1.126 Thread 0x000001dc6fa1f900 DEOPT UNPACKING pc=0x000001dc075823a3 sp=0x000000dbac6fe358 mode 2
Event: 1.532 Thread 0x000001dc6fa1f900 DEOPT PACKING pc=0x000001dc000e63f7 sp=0x000000dbac6fe3a0
Event: 1.532 Thread 0x000001dc6fa1f900 DEOPT UNPACKING pc=0x000001dc07582b43 sp=0x000000dbac6fd7c0 mode 0
Event: 1.536 Thread 0x000001dc6fa1f900 DEOPT PACKING pc=0x000001dc000e63f7 sp=0x000000dbac6fe3a0
Event: 1.536 Thread 0x000001dc6fa1f900 DEOPT UNPACKING pc=0x000001dc07582b43 sp=0x000000dbac6fd7c0 mode 0
Event: 1.546 Thread 0x000001dc6fa1f900 DEOPT PACKING pc=0x000001dc000da152 sp=0x000000dbac6fe370
Event: 1.546 Thread 0x000001dc6fa1f900 DEOPT UNPACKING pc=0x000001dc07582b43 sp=0x000000dbac6fd808 mode 0
Event: 1.889 Thread 0x000001dc7ea90920 Uncommon trap: trap_request=0xffffff45 fr.pc=0x000001dc07b0431c relative=0x000000000000025c
Event: 1.889 Thread 0x000001dc7ea90920 Uncommon trap: reason=unstable_if action=reinterpret pc=0x000001dc07b0431c method=java.lang.invoke.VarHandle.checkExactAccessMode(Ljava/lang/invoke/VarHandle$AccessDescriptor;)V @ 4 c2
Event: 1.889 Thread 0x000001dc7ea90920 DEOPT PACKING pc=0x000001dc07b0431c sp=0x000000dbadffe850
Event: 1.889 Thread 0x000001dc7ea90920 DEOPT UNPACKING pc=0x000001dc075823a3 sp=0x000000dbadffe7c0 mode 2

Classes unloaded (0 events):
No events

Classes redefined (0 events):
No events

Internal exceptions (7 events):
Event: 0.922 Thread 0x000001dc6fa1f900 Exception <a 'java/lang/NoSuchMethodError'{0x000000008c3a2608}: 'java.lang.Object java.lang.invoke.DirectMethodHandle$Holder.invokeStaticInit(java.lang.Object)'> (0x000000008c3a2608) 
thrown [s\open\src\hotspot\share\interpreter\linkResolver.cpp, line 759]
Event: 0.926 Thread 0x000001dc6fa1f900 Exception <a 'java/lang/NoSuchMethodError'{0x000000008c3aa1f8}: 'void java.lang.invoke.DirectMethodHandle$Holder.invokeStatic(java.lang.Object, java.lang.Object)'> (0x000000008c3aa1f8) 
thrown [s\open\src\hotspot\share\interpreter\linkResolver.cpp, line 759]
Event: 1.655 Thread 0x000001dc6fa1f900 Exception <a 'java/lang/NoSuchMethodError'{0x000000008bda0cd8}: 'void java.lang.invoke.DirectMethodHandle$Holder.invokeSpecial(java.lang.Object, java.lang.Object, java.lang.Object)'> (0x000000008bda0cd8) 
thrown [s\open\src\hotspot\share\interpreter\linkResolver.cpp, line 759]
Event: 1.671 Thread 0x000001dc6fa1f900 Exception <a 'java/lang/NoSuchMethodError'{0x000000008bdd9d98}: 'void java.lang.invoke.DirectMethodHandle$Holder.invokeStatic(java.lang.Object, java.lang.Object, java.lang.Object)'> (0x000000008bdd9d98) 
thrown [s\open\src\hotspot\share\interpreter\linkResolver.cpp, line 759]
Event: 1.822 Thread 0x000001dc6fa1f900 Exception <a 'java/lang/NoSuchMethodError'{0x000000008c817118}: 'int java.lang.invoke.DirectMethodHandle$Holder.invokeStaticInit(java.lang.Object, java.lang.Object, java.lang.Object)'> (0x000000008c817118) 
thrown [s\open\src\hotspot\share\interpreter\linkResolver.cpp, line 759]
Event: 1.868 Thread 0x000001dc6fa1f900 Exception <a 'java/lang/NoSuchMethodError'{0x000000008c8d6960}: 'java.lang.Object java.lang.invoke.DirectMethodHandle$Holder.newInvokeSpecial(java.lang.Object, java.lang.Object, int, java.lang.Object)'> (0x000000008c8d6960) 
thrown [s\open\src\hotspot\share\interpreter\linkResolver.cpp, line 759]
Event: 1.868 Thread 0x000001dc6fa1f900 Exception <a 'java/lang/NoSuchMethodError'{0x000000008c8dad40}: 'java.lang.Object java.lang.invoke.DirectMethodHandle$Holder.invokeSpecial(java.lang.Object, java.lang.Object, java.lang.Object, int, java.lang.Object)'> (0x000000008c8dad40) 
thrown [s\open\src\hotspot\share\interpreter\linkResolver.cpp, line 759]

VM Operations (8 events):
Event: 0.669 Executing VM operation: HandshakeAllThreads
Event: 0.669 Executing VM operation: HandshakeAllThreads done
Event: 0.865 Executing VM operation: HandshakeAllThreads
Event: 0.865 Executing VM operation: HandshakeAllThreads done
Event: 1.707 Executing VM operation: G1CollectForAllocation
Event: 1.775 Executing VM operation: G1CollectForAllocation done
Event: 1.841 Executing VM operation: HandshakeAllThreads
Event: 1.841 Executing VM operation: HandshakeAllThreads done

Events (20 events):
Event: 1.842 loading class java/lang/ProcessEnvironment$CheckedEntry done
Event: 1.861 Loaded shared library C:\Users\Utilisateur\.openjfx\cache\22.0.1+7\amd64\glass.dll
Event: 1.863 loading class java/util/concurrent/BlockingDeque
Event: 1.864 loading class java/util/concurrent/BlockingDeque done
Event: 1.864 loading class java/util/concurrent/LinkedBlockingDeque
Event: 1.864 loading class java/util/concurrent/LinkedBlockingDeque done
Event: 1.865 Thread 0x000001dc7ea8fc30 Thread added: 0x000001dc7ea8fc30
Event: 1.872 Thread 0x000001dc7ea90920 Thread added: 0x000001dc7ea90920
Event: 1.881 loading class java/lang/NumberFormatException
Event: 1.881 loading class java/lang/NumberFormatException done
Event: 1.890 loading class java/util/concurrent/FutureTask
Event: 1.890 loading class java/util/concurrent/FutureTask done
Event: 1.892 loading class java/util/concurrent/CancellationException
Event: 1.892 loading class java/util/concurrent/CancellationException done
Event: 1.892 loading class java/util/concurrent/ExecutionException
Event: 1.892 loading class java/util/concurrent/ExecutionException done
Event: 1.893 loading class java/util/concurrent/FutureTask$WaitNode
Event: 1.893 loading class java/util/concurrent/FutureTask$WaitNode done
Event: 1.893 loading class java/util/concurrent/Executors$RunnableAdapter
Event: 1.893 loading class java/util/concurrent/Executors$RunnableAdapter done


Dynamic libraries:
0x00007ff748500000 - 0x00007ff748510000 	C:\Program Files\Java\jdk-17\bin\java.exe
0x00007ff8a2690000 - 0x00007ff8a2888000 	C:\WINDOWS\SYSTEM32\ntdll.dll
0x00007ff8655e0000 - 0x00007ff8655fa000 	C:\Program Files\Avast Software\Avast\aswhook.dll
0x00007ff8a21f0000 - 0x00007ff8a22b2000 	C:\WINDOWS\System32\KERNEL32.DLL
0x00007ff89ff10000 - 0x00007ff8a020e000 	C:\WINDOWS\System32\KERNELBASE.dll
0x00007ff8a0410000 - 0x00007ff8a0510000 	C:\WINDOWS\System32\ucrtbase.dll
0x00007ff897b30000 - 0x00007ff897b49000 	C:\Program Files\Java\jdk-17\bin\jli.dll
0x00007ff8a23a0000 - 0x00007ff8a2451000 	C:\WINDOWS\System32\ADVAPI32.dll
0x00007ff8a2140000 - 0x00007ff8a21de000 	C:\WINDOWS\System32\msvcrt.dll
0x00007ff8a13d0000 - 0x00007ff8a146f000 	C:\WINDOWS\System32\sechost.dll
0x00007ff8a0780000 - 0x00007ff8a08a3000 	C:\WINDOWS\System32\RPCRT4.dll
0x00007ff8a0510000 - 0x00007ff8a0537000 	C:\WINDOWS\System32\bcrypt.dll
0x00007ff8a0dc0000 - 0x00007ff8a0f5d000 	C:\WINDOWS\System32\USER32.dll
0x00007ff89fe50000 - 0x00007ff89fe72000 	C:\WINDOWS\System32\win32u.dll
0x00007ff8a06b0000 - 0x00007ff8a06db000 	C:\WINDOWS\System32\GDI32.dll
0x00007ff8a0540000 - 0x00007ff8a0657000 	C:\WINDOWS\System32\gdi32full.dll
0x00007ff8a0370000 - 0x00007ff8a040d000 	C:\WINDOWS\System32\msvcp_win.dll
0x00007ff898320000 - 0x00007ff89833b000 	C:\Program Files\Java\jdk-17\bin\VCRUNTIME140.dll
0x00007ff88e530000 - 0x00007ff88e7ca000 	C:\WINDOWS\WinSxS\amd64_microsoft.windows.common-controls_6595b64144ccf1df_6.0.19041.4355_none_60b8b9eb71f62e16\COMCTL32.dll
0x00007ff8926f0000 - 0x00007ff8926fa000 	C:\WINDOWS\SYSTEM32\VERSION.dll
0x00007ff8a1750000 - 0x00007ff8a177f000 	C:\WINDOWS\System32\IMM32.DLL
0x00007ff897d70000 - 0x00007ff897d7c000 	C:\Program Files\Java\jdk-17\bin\vcruntime140_1.dll
0x00007ff8695d0000 - 0x00007ff86965e000 	C:\Program Files\Java\jdk-17\bin\msvcp140.dll
0x00007ff845120000 - 0x00007ff845d00000 	C:\Program Files\Java\jdk-17\bin\server\jvm.dll
0x00007ff8a06e0000 - 0x00007ff8a06e8000 	C:\WINDOWS\System32\PSAPI.DLL
0x00007ff88af00000 - 0x00007ff88af09000 	C:\WINDOWS\SYSTEM32\WSOCK32.dll
0x00007ff8a0990000 - 0x00007ff8a09fb000 	C:\WINDOWS\System32\WS2_32.dll
0x00007ff886d70000 - 0x00007ff886d97000 	C:\WINDOWS\SYSTEM32\WINMM.dll
0x00007ff89e550000 - 0x00007ff89e562000 	C:\WINDOWS\SYSTEM32\kernel.appcore.dll
0x00007ff897b20000 - 0x00007ff897b2a000 	C:\Program Files\Java\jdk-17\bin\jimage.dll
0x00007ff893c90000 - 0x00007ff893e74000 	C:\WINDOWS\SYSTEM32\DBGHELP.DLL
0x00007ff892940000 - 0x00007ff892974000 	C:\WINDOWS\SYSTEM32\dbgcore.DLL
0x00007ff89fe80000 - 0x00007ff89ff02000 	C:\WINDOWS\System32\bcryptPrimitives.dll
0x00007ff897ad0000 - 0x00007ff897af5000 	C:\Program Files\Java\jdk-17\bin\java.dll
0x00007ff856c50000 - 0x00007ff856d27000 	C:\Program Files\Java\jdk-17\bin\jsvml.dll
0x00007ff8a1780000 - 0x00007ff8a1eed000 	C:\WINDOWS\System32\SHELL32.dll
0x00007ff89d370000 - 0x00007ff89db14000 	C:\WINDOWS\SYSTEM32\windows.storage.dll
0x00007ff8a0a60000 - 0x00007ff8a0db3000 	C:\WINDOWS\System32\combase.dll
0x00007ff89f760000 - 0x00007ff89f78e000 	C:\WINDOWS\SYSTEM32\Wldp.dll
0x00007ff8a1680000 - 0x00007ff8a174d000 	C:\WINDOWS\System32\OLEAUT32.dll
0x00007ff8a2090000 - 0x00007ff8a213d000 	C:\WINDOWS\System32\SHCORE.dll
0x00007ff8a25f0000 - 0x00007ff8a2645000 	C:\WINDOWS\System32\shlwapi.dll
0x00007ff89fc60000 - 0x00007ff89fc84000 	C:\WINDOWS\SYSTEM32\profapi.dll
0x00007ff892a50000 - 0x00007ff892a69000 	C:\Program Files\Java\jdk-17\bin\net.dll
0x00007ff894020000 - 0x00007ff89412d000 	C:\WINDOWS\SYSTEM32\WINHTTP.dll
0x00007ff89f4c0000 - 0x00007ff89f52a000 	C:\WINDOWS\system32\mswsock.dll
0x00007ff892a30000 - 0x00007ff892a46000 	C:\Program Files\Java\jdk-17\bin\nio.dll
0x00007ff88e7d0000 - 0x00007ff88e7e8000 	C:\Program Files\Java\jdk-17\bin\zip.dll
0x000001dc6d920000 - 0x000001dc6d923000 	C:\Users\Utilisateur\.openjfx\cache\22.0.1+7\amd64\api-ms-win-core-console-l1-1-0.dll
0x000001dc6d930000 - 0x000001dc6d933000 	C:\Users\Utilisateur\.openjfx\cache\22.0.1+7\amd64\api-ms-win-core-console-l1-2-0.dll
0x000001dc6f970000 - 0x000001dc6f973000 	C:\Users\Utilisateur\.openjfx\cache\22.0.1+7\amd64\api-ms-win-core-datetime-l1-1-0.dll
0x000001dc6f980000 - 0x000001dc6f983000 	C:\Users\Utilisateur\.openjfx\cache\22.0.1+7\amd64\api-ms-win-core-debug-l1-1-0.dll
0x000001dc6f990000 - 0x000001dc6f993000 	C:\Users\Utilisateur\.openjfx\cache\22.0.1+7\amd64\api-ms-win-core-errorhandling-l1-1-0.dll
0x000001dc6f9a0000 - 0x000001dc6f9a4000 	C:\Users\Utilisateur\.openjfx\cache\22.0.1+7\amd64\api-ms-win-core-file-l1-1-0.dll
0x000001dc6f9b0000 - 0x000001dc6f9b3000 	C:\Users\Utilisateur\.openjfx\cache\22.0.1+7\amd64\api-ms-win-core-file-l1-2-0.dll
0x000001dc6f9c0000 - 0x000001dc6f9c3000 	C:\Users\Utilisateur\.openjfx\cache\22.0.1+7\amd64\api-ms-win-core-file-l2-1-0.dll
0x000001dc6f9d0000 - 0x000001dc6f9d3000 	C:\Users\Utilisateur\.openjfx\cache\22.0.1+7\amd64\api-ms-win-core-handle-l1-1-0.dll
0x000001dc6f9e0000 - 0x000001dc6f9e3000 	C:\Users\Utilisateur\.openjfx\cache\22.0.1+7\amd64\api-ms-win-core-heap-l1-1-0.dll
0x000001dc7ee50000 - 0x000001dc7ee53000 	C:\Users\Utilisateur\.openjfx\cache\22.0.1+7\amd64\api-ms-win-core-interlocked-l1-1-0.dll
0x000001dc7ee60000 - 0x000001dc7ee63000 	C:\Users\Utilisateur\.openjfx\cache\22.0.1+7\amd64\api-ms-win-core-libraryloader-l1-1-0.dll
0x000001dc7ee70000 - 0x000001dc7ee73000 	C:\Users\Utilisateur\.openjfx\cache\22.0.1+7\amd64\api-ms-win-core-localization-l1-2-0.dll
0x000001dc7ee80000 - 0x000001dc7ee83000 	C:\Users\Utilisateur\.openjfx\cache\22.0.1+7\amd64\api-ms-win-core-memory-l1-1-0.dll
0x000001dc7ee90000 - 0x000001dc7ee93000 	C:\Users\Utilisateur\.openjfx\cache\22.0.1+7\amd64\api-ms-win-core-namedpipe-l1-1-0.dll
0x000001dc7eea0000 - 0x000001dc7eea3000 	C:\Users\Utilisateur\.openjfx\cache\22.0.1+7\amd64\api-ms-win-core-processenvironment-l1-1-0.dll
0x000001dc7eeb0000 - 0x000001dc7eeb3000 	C:\Users\Utilisateur\.openjfx\cache\22.0.1+7\amd64\api-ms-win-core-processthreads-l1-1-0.dll
0x000001dc7eec0000 - 0x000001dc7eec3000 	C:\Users\Utilisateur\.openjfx\cache\22.0.1+7\amd64\api-ms-win-core-processthreads-l1-1-1.dll
0x000001dc7eed0000 - 0x000001dc7eed3000 	C:\Users\Utilisateur\.openjfx\cache\22.0.1+7\amd64\api-ms-win-core-profile-l1-1-0.dll
0x000001dc7eee0000 - 0x000001dc7eee3000 	C:\Users\Utilisateur\.openjfx\cache\22.0.1+7\amd64\api-ms-win-core-rtlsupport-l1-1-0.dll
0x000001dc7eef0000 - 0x000001dc7eef3000 	C:\Users\Utilisateur\.openjfx\cache\22.0.1+7\amd64\api-ms-win-core-string-l1-1-0.dll
0x000001dc7ef00000 - 0x000001dc7ef03000 	C:\Users\Utilisateur\.openjfx\cache\22.0.1+7\amd64\api-ms-win-core-synch-l1-1-0.dll
0x000001dc7ef10000 - 0x000001dc7ef13000 	C:\Users\Utilisateur\.openjfx\cache\22.0.1+7\amd64\api-ms-win-core-synch-l1-2-0.dll
0x000001dc7ef20000 - 0x000001dc7ef23000 	C:\Users\Utilisateur\.openjfx\cache\22.0.1+7\amd64\api-ms-win-core-sysinfo-l1-1-0.dll
0x000001dc7ef30000 - 0x000001dc7ef33000 	C:\Users\Utilisateur\.openjfx\cache\22.0.1+7\amd64\api-ms-win-core-timezone-l1-1-0.dll
0x000001dc7ef40000 - 0x000001dc7ef43000 	C:\Users\Utilisateur\.openjfx\cache\22.0.1+7\amd64\api-ms-win-core-util-l1-1-0.dll
0x000001dc7ef50000 - 0x000001dc7ef53000 	C:\Users\Utilisateur\.openjfx\cache\22.0.1+7\amd64\api-ms-win-crt-conio-l1-1-0.dll
0x000001dc7ef60000 - 0x000001dc7ef64000 	C:\Users\Utilisateur\.openjfx\cache\22.0.1+7\amd64\api-ms-win-crt-convert-l1-1-0.dll
0x000001dc7ef70000 - 0x000001dc7ef73000 	C:\Users\Utilisateur\.openjfx\cache\22.0.1+7\amd64\api-ms-win-crt-environment-l1-1-0.dll
0x000001dc7ef80000 - 0x000001dc7ef83000 	C:\Users\Utilisateur\.openjfx\cache\22.0.1+7\amd64\api-ms-win-crt-filesystem-l1-1-0.dll
0x000001dc7ef90000 - 0x000001dc7ef93000 	C:\Users\Utilisateur\.openjfx\cache\22.0.1+7\amd64\api-ms-win-crt-heap-l1-1-0.dll
0x000001dc7efa0000 - 0x000001dc7efa3000 	C:\Users\Utilisateur\.openjfx\cache\22.0.1+7\amd64\api-ms-win-crt-locale-l1-1-0.dll
0x000001dc7efb0000 - 0x000001dc7efb5000 	C:\Users\Utilisateur\.openjfx\cache\22.0.1+7\amd64\api-ms-win-crt-math-l1-1-0.dll
0x000001dc7efc0000 - 0x000001dc7efc5000 	C:\Users\Utilisateur\.openjfx\cache\22.0.1+7\amd64\api-ms-win-crt-multibyte-l1-1-0.dll
0x000001dc7efd0000 - 0x000001dc7efe0000 	C:\Users\Utilisateur\.openjfx\cache\22.0.1+7\amd64\api-ms-win-crt-private-l1-1-0.dll
0x000001dc7efe0000 - 0x000001dc7efe3000 	C:\Users\Utilisateur\.openjfx\cache\22.0.1+7\amd64\api-ms-win-crt-process-l1-1-0.dll
0x000001dc7eff0000 - 0x000001dc7eff4000 	C:\Users\Utilisateur\.openjfx\cache\22.0.1+7\amd64\api-ms-win-crt-runtime-l1-1-0.dll
0x000001dc7f000000 - 0x000001dc7f004000 	C:\Users\Utilisateur\.openjfx\cache\22.0.1+7\amd64\api-ms-win-crt-stdio-l1-1-0.dll
0x000001dc7f010000 - 0x000001dc7f014000 	C:\Users\Utilisateur\.openjfx\cache\22.0.1+7\amd64\api-ms-win-crt-string-l1-1-0.dll
0x000001dc7f020000 - 0x000001dc7f023000 	C:\Users\Utilisateur\.openjfx\cache\22.0.1+7\amd64\api-ms-win-crt-time-l1-1-0.dll
0x000001dc7f030000 - 0x000001dc7f033000 	C:\Users\Utilisateur\.openjfx\cache\22.0.1+7\amd64\api-ms-win-crt-utility-l1-1-0.dll
0x00007ff855070000 - 0x00007ff85516c000 	C:\Users\Utilisateur\.openjfx\cache\22.0.1+7\amd64\ucrtbase.dll
0x00007ff88db10000 - 0x00007ff88db2b000 	C:\Users\Utilisateur\.openjfx\cache\22.0.1+7\amd64\vcruntime140.dll
0x00007ff8977e0000 - 0x00007ff8977ec000 	C:\Users\Utilisateur\.openjfx\cache\22.0.1+7\amd64\vcruntime140_1.dll
0x00007ff857330000 - 0x00007ff8573be000 	C:\Users\Utilisateur\.openjfx\cache\22.0.1+7\amd64\msvcp140.dll
0x00007ff896a60000 - 0x00007ff896a69000 	C:\Users\Utilisateur\.openjfx\cache\22.0.1+7\amd64\msvcp140_1.dll
0x00007ff869860000 - 0x00007ff8698a1000 	C:\Users\Utilisateur\.openjfx\cache\22.0.1+7\amd64\msvcp140_2.dll
0x00007ff88cfb0000 - 0x00007ff88cfe0000 	C:\Users\Utilisateur\.openjfx\cache\22.0.1+7\amd64\prism_d3d.dll
0x00007ff839a70000 - 0x00007ff839c41000 	C:\WINDOWS\system32\d3d9.dll
0x00007ff89ccf0000 - 0x00007ff89cd1f000 	C:\WINDOWS\SYSTEM32\dwmapi.dll
0x00007ff89c880000 - 0x00007ff89c91e000 	C:\WINDOWS\system32\uxtheme.dll
0x00007ff835e40000 - 0x00007ff83837e000 	C:\WINDOWS\SYSTEM32\igdumdim64.dll
0x00007ff8a24c0000 - 0x00007ff8a25eb000 	C:\WINDOWS\System32\ole32.dll
0x00007ff8a0f60000 - 0x00007ff8a13ce000 	C:\WINDOWS\System32\SETUPAPI.dll
0x00007ff8a0660000 - 0x00007ff8a06ae000 	C:\WINDOWS\System32\cfgmgr32.dll
0x00007ff866550000 - 0x00007ff866595000 	C:\Users\Utilisateur\.openjfx\cache\22.0.1+7\amd64\glass.dll
0x00007ff8a22c0000 - 0x00007ff8a239a000 	C:\WINDOWS\System32\COMDLG32.dll
0x00007ff8a1ef0000 - 0x00007ff8a2005000 	C:\WINDOWS\System32\MSCTF.dll
0x00007ff8a08e0000 - 0x00007ff8a0989000 	C:\WINDOWS\System32\clbcatq.dll
0x00007ff892460000 - 0x00007ff89259f000 	C:\Windows\System32\Windows.UI.dll
0x00007ff896dc0000 - 0x00007ff896e61000 	C:\Windows\System32\WindowManagementAPI.dll
0x00007ff891920000 - 0x00007ff891a19000 	C:\Windows\System32\TextInputFramework.dll
0x00007ff8917c0000 - 0x00007ff891912000 	C:\Windows\System32\InputHost.dll
0x00007ff89bab0000 - 0x00007ff89bc07000 	C:\WINDOWS\SYSTEM32\wintypes.dll
0x00007ff8972a0000 - 0x00007ff8974a3000 	C:\WINDOWS\SYSTEM32\twinapi.appcore.dll
0x00007ff89b670000 - 0x00007ff89b762000 	C:\Windows\System32\CoreMessaging.dll
0x00007ff89b310000 - 0x00007ff89b66b000 	C:\Windows\System32\CoreUIComponents.dll
0x00007ff89caf0000 - 0x00007ff89cbe6000 	C:\Windows\System32\PROPSYS.dll
0x00007ff89efc0000 - 0x00007ff89eff3000 	C:\WINDOWS\SYSTEM32\ntmarta.dll
0x00007ff8901d0000 - 0x00007ff890308000 	C:\Windows\System32\Windows.UI.Immersive.dll

dbghelp: loaded successfully - version: 4.0.5 - missing functions: none
symbol engine: initialized successfully - sym options: 0x614 - pdb path: .;C:\Program Files\Java\jdk-17\bin;C:\WINDOWS\SYSTEM32;C:\Program Files\Avast Software\Avast;C:\WINDOWS\WinSxS\amd64_microsoft.windows.common-controls_6595b64144ccf1df_6.0.19041.4355_none_60b8b9eb71f62e16;C:\Program Files\Java\jdk-17\bin\server;C:\Users\Utilisateur\.openjfx\cache\22.0.1+7\amd64

VM Arguments:
jvm_args: --module-path=C:\Users\Utilisateur\.m2\repository\org\openjfx\javafx-base\22.0.1\javafx-base-22.0.1-win.jar;C:\Users\Utilisateur\.m2\repository\org\openjfx\javafx-base\22.0.1\javafx-base-22.0.1.jar;C:\Users\Utilisateur\.m2\repository\org\openjfx\javafx-controls\22.0.1\javafx-controls-22.0.1-win.jar;C:\Users\Utilisateur\.m2\repository\org\openjfx\javafx-controls\22.0.1\javafx-controls-22.0.1.jar;C:\Users\Utilisateur\.m2\repository\org\openjfx\javafx-fxml\22.0.1\javafx-fxml-22.0.1-win.jar;C:\Users\Utilisateur\.m2\repository\org\openjfx\javafx-fxml\22.0.1\javafx-fxml-22.0.1.jar;C:\Users\Utilisateur\.m2\repository\org\openjfx\javafx-graphics\22.0.1\javafx-graphics-22.0.1-win.jar;C:\Users\Utilisateur\.m2\repository\org\openjfx\javafx-graphics\22.0.1\javafx-graphics-22.0.1.jar --add-modules=javafx.base,javafx.controls,javafx.fxml,javafx.graphics 
java_command: main.Main
java_class_path (initial): C:\Users\Utilisateur\Desktop\Project 2.1\Project_2_1\target\classes;C:\Users\Utilisateur\.m2\repository\ai\djl\api\0.29.0\api-0.29.0.jar;C:\Users\Utilisateur\.m2\repository\com\google\code\gson\gson\2.11.0\gson-2.11.0.jar;C:\Users\Utilisateur\.m2\repository\com\google\errorprone\error_prone_annotations\2.27.0\error_prone_annotations-2.27.0.jar;C:\Users\Utilisateur\.m2\repository\commons-codec\commons-codec\1.17.0\commons-codec-1.17.0.jar;C:\Users\Utilisateur\.m2\repository\commons-io\commons-io\2.16.1\commons-io-2.16.1.jar;C:\Users\Utilisateur\.m2\repository\net\java\dev\jna\jna\5.14.0\jna-5.14.0.jar;C:\Users\Utilisateur\.m2\repository\org\apache\commons\commons-compress\1.26.2\commons-compress-1.26.2.jar;C:\Users\Utilisateur\.m2\repository\org\apfloat\apfloat\1.10.1\apfloat-1.10.1.jar;C:\Users\Utilisateur\.m2\repository\org\jgrapht\jgrapht-core\1.5.2\jgrapht-core-1.5.2.jar;C:\Users\Utilisateur\.m2\repository\org\jheaps\jheaps\0.14\jheaps-0.14.jar;C:\Users\Utilisateur\.m2\repository\org\projectlombok\lombok\1.18.34\lombok-1.18.34.jar;C:\Users\Utilisateur\.m2\repository\org\slf4j\slf4j-api\2.0.13\slf4j-api-2.0.13.jar
Launcher Type: SUN_STANDARD

[Global flags]
     intx CICompilerCount                          = 3                                         {product} {ergonomic}
     uint ConcGCThreads                            = 1                                         {product} {ergonomic}
     uint G1ConcRefinementThreads                  = 4                                         {product} {ergonomic}
   size_t G1HeapRegionSize                         = 1048576                                   {product} {ergonomic}
    uintx GCDrainStackTargetSize                   = 64                                        {product} {ergonomic}
   size_t InitialHeapSize                          = 130023424                                 {product} {ergonomic}
   size_t MarkStackSize                            = 4194304                                   {product} {ergonomic}
   size_t MaxHeapSize                              = 2065694720                                {product} {ergonomic}
   size_t MaxNewSize                               = 1239416832                                {product} {ergonomic}
   size_t MinHeapDeltaBytes                        = 1048576                                   {product} {ergonomic}
   size_t MinHeapSize                              = 8388608                                   {product} {ergonomic}
    uintx NonNMethodCodeHeapSize                   = 5832780                                {pd product} {ergonomic}
    uintx NonProfiledCodeHeapSize                  = 122912730                              {pd product} {ergonomic}
    uintx ProfiledCodeHeapSize                     = 122912730                              {pd product} {ergonomic}
    uintx ReservedCodeCacheSize                    = 251658240                              {pd product} {ergonomic}
     bool SegmentedCodeCache                       = true                                      {product} {ergonomic}
   size_t SoftMaxHeapSize                          = 2065694720                             {manageable} {ergonomic}
     bool UseCompressedClassPointers               = true                           {product lp64_product} {ergonomic}
     bool UseCompressedOops                        = true                           {product lp64_product} {ergonomic}
     bool UseG1GC                                  = true                                      {product} {ergonomic}
     bool UseLargePagesIndividualAllocation        = false                                  {pd product} {ergonomic}

Logging:
Log output configuration:
 #0: stdout all=warning uptime,level,tags
 #1: stderr all=off uptime,level,tags

Environment Variables:
JAVA_HOME=C:\Program Files\Java\jdk-17
PATH=C:\Program Files\Common Files\Oracle\Java\javapath;C:\oraclexe\app\oracle\product\11.2.0\server\bin;C:\WINDOWS\system32;C:\WINDOWS;C:\Program Files\Java\jdk-17\bin;C:\Gradle\gradle-8.7\bin;C:\WINDOWS\System32\Wbem;C:\WINDOWS\System32\WindowsPowerShell\v1.0\;C:\WINDOWS\System32\OpenSSH\;C:\FPC\3.0.4\bin\i386-Win32;C:\Program Files\Intel\WiFi\bin\;C:\Program Files\Common Files\Intel\WirelessCommon\;C:\CamlLight\bin;C:\Program Files (x86)\CodeBlocks\MinGW\bin;C:\Bison\bin;C:\Program Files (x86)\GnuWin32\bin;C:\Program Files\Microsoft SQL Server\Client SDK\ODBC\110\Tools\Binn\;C:\Program Files (x86)\Microsoft SQL Server\120\Tools\Binn\;C:\Program Files\Microsoft SQL Server\120\Tools\Binn\;C:\Program Files\Microsoft SQL Server\120\DTS\Binn\;C:\Program Files\Microsoft SQL Server\130\Tools\Binn\;C:\Program Files\apache-maven-3.9.6-bin\apache-maven-3.9.6\bin;C:\Program Files\Java\jdk-17\bin;C:\Program Files\Calibre2\;C:\Program Files\Git\cmd;C:\Users\Utilisateur\AppData\Local\Programs\Python\Python312\Scripts\;C:\Users\Utilisateur\AppData\Local\Programs\Python\Python312\;C:\Users\Utilisateur\AppData\Local\Microsoft\WindowsApps;C:\Program Files\AdoptOpenJDK\jdk-11.0.10.9-hotspot\bin;C:\Program Files\Intel\WiFi\bin\;C:\Program Files\Common Files\Intel\WirelessCommon\;C:\Users\Utilisateur\AppData\Local\Programs\MiKTeX\miktex\bin\x64\;C:\Users\Utilisateur\AppData\Local\Programs\Microsoft VS Code\bin;C:\Program Files\MySQL\MySQL Server 8.0\bin;
USERNAME=Utilisateur
LANG=en_US.UTF-8
OS=Windows_NT
PROCESSOR_IDENTIFIER=Intel64 Family 6 Model 69 Stepping 1, GenuineIntel



---------------  S Y S T E M  ---------------

OS:
 Windows 10 , 64 bit Build 19041 (10.0.19041.5198)
OS uptime: 15 days 0:32 hours

CPU: total 4 (initial active 4) (2 cores per cpu, 2 threads per core) family 6 model 69 stepping 1 microcode 0x26, cx8, cmov, fxsr, ht, mmx, sse, sse2, sse3, ssse3, sse4.1, sse4.2, popcnt, lzcnt, tsc, tscinvbit, avx, avx2, aes, erms, clmul, bmi1, bmi2, fma, vzeroupper, clflush

Memory: 4k page, system-wide physical 7878M (1095M free)
TotalPageFile size 10878M (AvailPageFile size 75M)
current process WorkingSet (physical memory assigned to process): 67M, peak: 67M
current process commit charge ("private bytes"): 216M, peak: 216M

vm_info: Java HotSpot(TM) 64-Bit Server VM (17.0.11+7-LTS-207) for windows-amd64 JRE (17.0.11+7-LTS-207), built on Mar 11 2024 19:01:50 by "mach5one" with MS VC++ 17.6 (VS2022)

END.
